<?xml version="1.0" encoding="UTF-8"?>
<testng-results ignored="0" total="1" passed="1" failed="0" skipped="0">
  <reporter-output>
  </reporter-output>
  <suite started-at="2023-06-22T12:53:40 CDT" name="Default suite" finished-at="2023-06-22T12:53:56 CDT" duration-ms="15830">
    <groups>
    </groups>
    <test started-at="2023-06-22T12:53:40 CDT" name="Default test" finished-at="2023-06-22T12:53:56 CDT" duration-ms="15830">
      <class name="test.AddCustomerTest">
        <test-method signature="userShouldBeAbleAddCustomer()[pri:0, instance:test.AddCustomerTest@6e1d8f9e]" started-at="2023-06-22T12:53:40 CDT" name="userShouldBeAbleAddCustomer" finished-at="2023-06-22T12:53:56 CDT" duration-ms="15797" status="PASS">
          <reporter-output>
          </reporter-output>
        </test-method> <!-- userShouldBeAbleAddCustomer -->
      </class> <!-- test.AddCustomerTest -->
    </test> <!-- Default test -->
  </suite> <!-- Default suite -->
</testng-results>
